# JRE version: OpenJDK Runtime Environment (8.0_212-b03) (build 1.8.0_212-8u212-b03-0ubuntu1.18.04.1-b03)
# Java VM: OpenJDK 64-Bit Server VM (25.212-b03 mixed mode linux-amd64 compressed oops)
Heap:
 PSYoungGen      total 160256K, used 22498K [0x00000000e0000000, 0x00000000ede00000, 0x0000000100000000)
  eden space 137728K, 0% used [0x00000000e0000000,0x00000000e0000000,0x00000000e8680000)
  from space 22528K, 99% used [0x00000000e8680000,0x00000000e9c78ba0,0x00000000e9c80000)
  to   space 17920K, 0% used [0x00000000e9c80000,0x00000000e9c80000,0x00000000eae00000)
 ParOldGen       total 112640K, used 25317K [0x00000000a0000000, 0x00000000a6e00000, 0x00000000e0000000)
  object space 112640K, 22% used [0x00000000a0000000,0x00000000a18b9720,0x00000000a6e00000)
 Metaspace       used 52916K, capacity 53436K, committed 53632K, reserved 1093632K
  class space    used 10152K, capacity 10317K, committed 10368K, reserved 1048576K
GC Heap History (10 events):
Event: 9.554 GC heap after
Heap after GC invocations=10 (full 3):
 PSYoungGen      total 93184K, used 64K [0x00000000e0000000, 0x00000000e7800000, 0x0000000100000000)
  eden space 92672K, 0% used [0x00000000e0000000,0x00000000e0000000,0x00000000e5a80000)
  from space 512K, 12% used [0x00000000e5f00000,0x00000000e5f10000,0x00000000e5f80000)
  to   space 13824K, 0% used [0x00000000e6a80000,0x00000000e6a80000,0x00000000e7800000)
 ParOldGen       total 112640K, used 10357K [0x00000000a0000000, 0x00000000a6e00000, 0x00000000e0000000)
  object space 112640K, 9% used [0x00000000a0000000,0x00000000a0a1d440,0x00000000a6e00000)
 Metaspace       used 35984K, capacity 36244K, committed 36736K, reserved 1079296K
  class space    used 7084K, capacity 7219K, committed 7296K, reserved 1048576K
}
Event: 9.554 GC heap before
{Heap before GC invocations=11 (full 4):
 PSYoungGen      total 93184K, used 64K [0x00000000e0000000, 0x00000000e7800000, 0x0000000100000000)
  eden space 92672K, 0% used [0x00000000e0000000,0x00000000e0000000,0x00000000e5a80000)
  from space 512K, 12% used [0x00000000e5f00000,0x00000000e5f10000,0x00000000e5f80000)
  to   space 13824K, 0% used [0x00000000e6a80000,0x00000000e6a80000,0x00000000e7800000)
 ParOldGen       total 112640K, used 10357K [0x00000000a0000000, 0x00000000a6e00000, 0x00000000e0000000)
  object space 112640K, 9% used [0x00000000a0000000,0x00000000a0a1d440,0x00000000a6e00000)
 Metaspace       used 35984K, capacity 36244K, committed 36736K, reserved 1079296K
  class space    used 7084K, capacity 7219K, committed 7296K, reserved 1048576K
Event: 9.672 GC heap after
Heap after GC invocations=11 (full 4):
 PSYoungGen      total 93184K, used 0K [0x00000000e0000000, 0x00000000e7800000, 0x0000000100000000)
  eden space 92672K, 0% used [0x00000000e0000000,0x00000000e0000000,0x00000000e5a80000)
  from space 512K, 0% used [0x00000000e5f00000,0x00000000e5f00000,0x00000000e5f80000)
  to   space 13824K, 0% used [0x00000000e6a80000,0x00000000e6a80000,0x00000000e7800000)
 ParOldGen       total 112640K, used 10204K [0x00000000a0000000, 0x00000000a6e00000, 0x00000000e0000000)
  object space 112640K, 9% used [0x00000000a0000000,0x00000000a09f7018,0x00000000a6e00000)
 Metaspace       used 35984K, capacity 36244K, committed 36736K, reserved 1079296K
  class space    used 7084K, capacity 7219K, committed 7296K, reserved 1048576K
}
Event: 21.402 GC heap before
{Heap before GC invocations=12 (full 4):
 PSYoungGen      total 93184K, used 92672K [0x00000000e0000000, 0x00000000e7800000, 0x0000000100000000)
  eden space 92672K, 100% used [0x00000000e0000000,0x00000000e5a80000,0x00000000e5a80000)
  from space 512K, 0% used [0x00000000e5f00000,0x00000000e5f00000,0x00000000e5f80000)
  to   space 13824K, 0% used [0x00000000e6a80000,0x00000000e6a80000,0x00000000e7800000)
 ParOldGen       total 112640K, used 10204K [0x00000000a0000000, 0x00000000a6e00000, 0x00000000e0000000)
  object space 112640K, 9% used [0x00000000a0000000,0x00000000a09f7018,0x00000000a6e00000)
 Metaspace       used 44163K, capacity 44462K, committed 44928K, reserved 1085440K
  class space    used 8360K, capacity 8464K, committed 8576K, reserved 1048576K
Event: 21.434 GC heap after
Heap after GC invocations=12 (full 4):
 PSYoungGen      total 108032K, used 10308K [0x00000000e0000000, 0x00000000e9b00000, 0x0000000100000000)
  eden space 94208K, 0% used [0x00000000e0000000,0x00000000e0000000,0x00000000e5c00000)
  from space 13824K, 74% used [0x00000000e6a80000,0x00000000e7491328,0x00000000e7800000)
  to   space 14848K, 0% used [0x00000000e5c00000,0x00000000e5c00000,0x00000000e6a80000)
 ParOldGen       total 112640K, used 10212K [0x00000000a0000000, 0x00000000a6e00000, 0x00000000e0000000)
  object space 112640K, 9% used [0x00000000a0000000,0x00000000a09f9018,0x00000000a6e00000)
 Metaspace       used 44163K, capacity 44462K, committed 44928K, reserved 1085440K
  class space    used 8360K, capacity 8464K, committed 8576K, reserved 1048576K
}
Event: 21.984 GC heap before
{Heap before GC invocations=13 (full 4):
 PSYoungGen      total 108032K, used 104516K [0x00000000e0000000, 0x00000000e9b00000, 0x0000000100000000)
  eden space 94208K, 100% used [0x00000000e0000000,0x00000000e5c00000,0x00000000e5c00000)
  from space 13824K, 74% used [0x00000000e6a80000,0x00000000e7491328,0x00000000e7800000)
  to   space 14848K, 0% used [0x00000000e5c00000,0x00000000e5c00000,0x00000000e6a80000)
 ParOldGen       total 112640K, used 10212K [0x00000000a0000000, 0x00000000a6e00000, 0x00000000e0000000)
  object space 112640K, 9% used [0x00000000a0000000,0x00000000a09f9018,0x00000000a6e00000)
 Metaspace       used 45230K, capacity 45634K, committed 45952K, reserved 1087488K
  class space    used 8575K, capacity 8722K, committed 8832K, reserved 1048576K
Event: 22.002 GC heap after
Heap after GC invocations=13 (full 4):
 PSYoungGen      total 109056K, used 14839K [0x00000000e0000000, 0x00000000eae00000, 0x0000000100000000)
  eden space 94208K, 0% used [0x00000000e0000000,0x00000000e0000000,0x00000000e5c00000)
  from space 14848K, 99% used [0x00000000e5c00000,0x00000000e6a7dc50,0x00000000e6a80000)
  to   space 17920K, 0% used [0x00000000e9c80000,0x00000000e9c80000,0x00000000eae00000)
 ParOldGen       total 112640K, used 13064K [0x00000000a0000000, 0x00000000a6e00000, 0x00000000e0000000)
  object space 112640K, 11% used [0x00000000a0000000,0x00000000a0cc20c0,0x00000000a6e00000)
 Metaspace       used 45230K, capacity 45634K, committed 45952K, reserved 1087488K
  class space    used 8575K, capacity 8722K, committed 8832K, reserved 1048576K
}
Event: 22.807 GC heap before
{Heap before GC invocations=14 (full 4):
 PSYoungGen      total 109056K, used 109047K [0x00000000e0000000, 0x00000000eae00000, 0x0000000100000000)
  eden space 94208K, 100% used [0x00000000e0000000,0x00000000e5c00000,0x00000000e5c00000)
  from space 14848K, 99% used [0x00000000e5c00000,0x00000000e6a7dc50,0x00000000e6a80000)
  to   space 17920K, 0% used [0x00000000e9c80000,0x00000000e9c80000,0x00000000eae00000)
 ParOldGen       total 112640K, used 13064K [0x00000000a0000000, 0x00000000a6e00000, 0x00000000e0000000)
  object space 112640K, 11% used [0x00000000a0000000,0x00000000a0cc20c0,0x00000000a6e00000)
 Metaspace       used 47234K, capacity 47706K, committed 48000K, reserved 1087488K
  class space    used 8919K, capacity 9050K, committed 9088K, reserved 1048576K
Event: 24.799 GC heap after
Heap after GC invocations=14 (full 4):
 PSYoungGen      total 155648K, used 17888K [0x00000000e0000000, 0x00000000ede00000, 0x0000000100000000)
  eden space 137728K, 0% used [0x00000000e0000000,0x00000000e0000000,0x00000000e8680000)
  from space 17920K, 99% used [0x00000000e9c80000,0x00000000eadf8010,0x00000000eae00000)
  to   space 22528K, 0% used [0x00000000e8680000,0x00000000e8680000,0x00000000e9c80000)
 ParOldGen       total 112640K, used 18195K [0x00000000a0000000, 0x00000000a6e00000, 0x00000000e0000000)
  object space 112640K, 16% used [0x00000000a0000000,0x00000000a11c4c48,0x00000000a6e00000)
 Metaspace       used 47234K, capacity 47706K, committed 48000K, reserved 1087488K
  class space    used 8919K, capacity 9050K, committed 9088K, reserved 1048576K
}
Event: 26.309 GC heap before
{Heap before GC invocations=15 (full 4):
 PSYoungGen      total 155648K, used 155616K [0x00000000e0000000, 0x00000000ede00000, 0x0000000100000000)
  eden space 137728K, 100% used [0x00000000e0000000,0x00000000e8680000,0x00000000e8680000)
  from space 17920K, 99% used [0x00000000e9c80000,0x00000000eadf8010,0x00000000eae00000)
  to   space 22528K, 0% used [0x00000000e8680000,0x00000000e8680000,0x00000000e9c80000)
 ParOldGen       total 112640K, used 18195K [0x00000000a0000000, 0x00000000a6e00000, 0x00000000e0000000)
  object space 112640K, 16% used [0x00000000a0000000,0x00000000a11c4c48,0x00000000a6e00000)
 Metaspace       used 52916K, capacity 53436K, committed 53632K, reserved 1093632K
  class space    used 10152K, capacity 10317K, committed 10368K, reserved 1048576K

